
select *
from method
where signature not null
limit 100;
methodid|classid|access|methodname|methoddescid|signature|exceptions
1676|255|1|<init>|741|(I)V|21
1678|256|0|<init>|742|()V|21
1799|284|1|<init>|781|()V|21
1885|307|10|throwAny|395|<E:Ljava/lang/Throwable;>(Ljava/lang/Throwable;)V^TE;|21
1970|307|9|callAndWait|421|<T:Ljava/lang/Object;>(Ljava/awt/Component;Ljava/util/concurrent/Callable<TT;>;)TT;|21
1971|307|9|callAndWait|847|<T:Ljava/lang/Object;>(Ljava/awt/Component;Ljava/util/concurrent/Callable<TT;>;J)TT;|21
2425|383|9|assertEqualsEventually|998|<T:Ljava/lang/Object;>(Ljava/lang/String;TT;Ljava/util/concurrent/Callable<TT;>;)V|21
2426|383|9|assertTrueEventually|1006|(Ljava/lang/String;Ljava/util/concurrent/Callable<Ljava/lang/Boolean;>;)V|21
2963|528|2|removeStepsFromModel|1216|(ILjava/util/List<Labbot/script/Step;>;)V|21
3303|551|1|getSelectedSteps|408|()Ljava/util/List<Labbot/script/Step;>;|21
59538|6345|1025|names|419|()Ljava/util/Collection<Ljavax/xml/namespace/QName;>;|21
59539|6345|1025|names|11424|(Ljava/lang/String;)Ljava/util/Collection<Ljavax/xml/namespace/QName;>;|21
59633|6350|9|newInstance|11447|(Ljava/lang/String;Ljava/lang/ClassLoader;Ljava/util/Map<Ljava/lang/String;*>;)Ljavax/xml/bind/JAXBContext;|21
59635|6350|9|newInstance|11431|([Ljava/lang/Class;Ljava/util/Map<Ljava/lang/String;*>;)Ljavax/xml/bind/JAXBContext;|21
59641|6352|1|<init>|11453|(Ljavax/xml/namespace/QName;Ljava/lang/Class<TT;>;Ljava/lang/Class;TT;)V|21
59642|6352|1|<init>|11454|(Ljavax/xml/namespace/QName;Ljava/lang/Class<TT;>;TT;)V|21
59643|6352|1|getDeclaredType|62|()Ljava/lang/Class<TT;>;|21
59645|6352|1|setValue|186|(TT;)V|21
59646|6352|1|getValue|47|()TT;|21
59757|6371|2|<init>|32|()V|21
59783|6383|1025|value|62|()Ljava/lang/Class<*>;|21
59789|6388|2|<init>|32|()V|21
59818|6398|1025|unmarshal|36|(TValueType;)TBoundType;|21
59819|6398|1025|marshal|36|(TBoundType;)TValueType;|21
59820|6399|1025|value|62|()Ljava/lang/Class<+Ljavax/xml/bind/annotation/adapters/XmlAdapter;>;|21
60072|6425|1025|bindFromXml|36|(TXmlNode;)Ljava/lang/Object;|21
60073|6425|1025|bindFromJava|789|(Ljava/lang/Object;TXmlNode;)V|21
60074|6425|1025|bindFromJava|11550|(Ljava/lang/Object;TXmlNode;I)V|21
60075|6425|1025|getXmlNode|36|(Ljava/lang/Object;)TXmlNode;|21
60076|6425|1025|getJavaNode|36|(TXmlNode;)Ljava/lang/Object;|21
60077|6425|1025|updateXml|36|(Ljava/lang/Object;)TXmlNode;|21
60078|6425|1025|updateXml|37|(Ljava/lang/Object;TXmlNode;)TXmlNode;|21
60079|6425|1025|updateJava|36|(TXmlNode;)Ljava/lang/Object;|21
60080|6425|1025|updateJava|37|(TXmlNode;Ljava/lang/Object;)Ljava/lang/Object;|21
60087|6426|1025|createUnmarshaller|11551|(Ljavax/xml/bind/ValidationEventHandler;)TResultT;|21
60088|6426|1025|getElement|11552|(TResultT;)TElementT;|21
60089|6426|1025|marshal|11553|(TElementT;Ljavax/xml/bind/ValidationEventHandler;)Ljavax/xml/transform/Source;|21
60101|6429|1025|value|62|()Ljava/lang/Class<+Lcom/sun/xml/bind/annotation/DomHandler;>;|21
60216|6449|1025|scan|186|(TXmlNode;)V|21
60219|6449|1025|getCurrentElement|47|()TXmlNode;|21
60286|6458|1|element|47|()TXmlNode;|21
60296|6459|1|addInner|789|(TXmlNode;Ljava/lang/Object;)V|21
60297|6459|1|addOuter|789|(TXmlNode;Ljava/lang/Object;)V|21
60298|6459|1|byElement|11598|(Ljava/lang/Object;)Lcom/sun/xml/bind/v2/AssociationMap$Entry<TXmlNode;>;|21
60299|6459|1|byPeer|11598|(Ljava/lang/Object;)Lcom/sun/xml/bind/v2/AssociationMap$Entry<TXmlNode;>;|21
60300|6459|1|getInnerPeer|36|(TXmlNode;)Ljava/lang/Object;|21
60301|6459|1|getOuterPeer|36|(TXmlNode;)Ljava/lang/Object;|21
60303|6460|1|initialValue|769|()Ljava/util/Map<Ljava/lang/Class;Ljava/lang/reflect/Constructor;>;|21
60306|6461|9|create0|2189|<T:Ljava/lang/Object;>(Ljava/lang/Class<TT;>;)TT;|21
60307|6461|9|create|2189|<T:Ljava/lang/Object;>(Ljava/lang/Class<TT;>;)TT;|21
60310|6462|9|createContext|11431|([Ljava/lang/Class;Ljava/util/Map<Ljava/lang/String;Ljava/lang/Object;>;)Ljavax/xml/bind/JAXBContext;|21
60311|6462|10|getDefaultNamespaceRemap|1610|(Ljava/util/Map<Ljava/lang/String;Ljava/lang/Object;>;)Ljava/lang/String;|21
60312|6462|9|createContext|11599|([Ljava/lang/Class;Ljava/util/Collection<Lcom/sun/xml/bind/api/TypeReference;>;Ljava/lang/String;)Ljavax/xml/bind/JAXBContext;|21
60313|6462|9|createContext|11447|(Ljava/lang/String;Ljava/lang/ClassLoader;Ljava/util/Map<Ljava/lang/String;Ljava/lang/Object;>;)Ljavax/xml/bind/JAXBContext;|21
60314|6462|10|loadIndexedClasses|11605|(Ljava/lang/String;Ljava/lang/ClassLoader;)Ljava/util/List<Ljava/lang/Class;>;|21
60324|6464|1|<init>|11608|(Ljava/lang/Iterable<+Ljava/util/Map<*+TT;>;>;)V|21
60327|6464|1|next|47|()TT;|21
60331|6465|2|<init>|32|()V|21
60373|6473|0|<init>|11613|(ILjava/lang/String;Ljava/lang/String;TV;Lcom/sun/xml/bind/v2/QNameMap$Entry<TV;>;)V|21
60375|6473|1|getValue|47|()TV;|21
60376|6473|1|setValue|36|(TV;)TV;|21
60381|6474|1|next|11615|()Lcom/sun/xml/bind/v2/QNameMap$Entry<TValueT;>;|21
60385|6475|1|iterator|436|()Ljava/util/Iterator<Lcom/sun/xml/bind/v2/QNameMap$Entry<TValueT;>;>;|21
60392|6476|0|nextEntry|11615|()Lcom/sun/xml/bind/v2/QNameMap$Entry<TValueT;>;|21
60395|6477|1|put|11619|(Ljava/lang/String;Ljava/lang/String;TValueT;)V|21
60396|6477|1|put|11423|(Ljavax/xml/namespace/QName;TValueT;)V|21
60397|6477|1|put|11621|(Lcom/sun/xml/bind/v2/runtime/Name;TValueT;)V|21
60398|6477|1|get|1288|(Ljava/lang/String;Ljava/lang/String;)TValueT;|21
60399|6477|1|get|11422|(Ljavax/xml/namespace/QName;)TValueT;|21
60401|6477|1|putAll|11623|(Lcom/sun/xml/bind/v2/QNameMap<+TValueT;>;)Lcom/sun/xml/bind/v2/QNameMap<TValueT;>;|21
60404|6477|2|addEntry|11620|(ILjava/lang/String;Ljava/lang/String;TValueT;I)V|21
60406|6477|2|transfer|11624|([Lcom/sun/xml/bind/v2/QNameMap$Entry<TValueT;>;)V|21
60409|6477|1|entrySet|447|()Ljava/util/Set<Lcom/sun/xml/bind/v2/QNameMap$Entry<TValueT;>;>;|21
60410|6477|2|newEntryIterator|436|()Ljava/util/Iterator<Lcom/sun/xml/bind/v2/QNameMap$Entry<TValueT;>;>;|21
60411|6477|2|getEntry|11622|(Ljava/lang/String;Ljava/lang/String;)Lcom/sun/xml/bind/v2/QNameMap$Entry<TValueT;>;|21
60433|6481|17|getMethodAnnotation|11628|<A::Ljava/lang/annotation/Annotation;>(Ljava/lang/Class<TA;>;Ljava/lang/String;TMethodT;TMethodT;Lcom/sun/xml/bind/v2/model/annotation/Locatable;)TA;|21
60434|6481|1|hasMethodAnnotation|11632|(Ljava/lang/Class<+Ljava/lang/annotation/Annotation;>;Ljava/lang/String;TMethodT;TMethodT;Lcom/sun/xml/bind/v2/model/annotation/Locatable;)Z|21
60435|6481|1028|fullName|27|(TMethodT;)Ljava/lang/String;|21
60438|6482|1025|getFieldAnnotation|11634|<A::Ljava/lang/annotation/Annotation;>(Ljava/lang/Class<TA;>;Ljava/lang/String;TFieldT;Lcom/sun/xml/bind/v2/model/annotation/Locatable;)TA;|21
60439|6482|1025|hasFieldAnnotation|11633|(Ljava/lang/Class<+Ljava/lang/annotation/Annotation;>;TFieldT;)Z|21
60440|6482|1025|getMethodAnnotation|11628|<A::Ljava/lang/annotation/Annotation;>(Ljava/lang/Class<TA;>;Ljava/lang/String;TMethodT;TMethodT;Lcom/sun/xml/bind/v2/model/annotation/Locatable;)TA;|21
60441|6482|1025|hasMethodAnnotation|11632|(Ljava/lang/Class<+Ljava/lang/annotation/Annotation;>;Ljava/lang/String;TMethodT;TMethodT;Lcom/sun/xml/bind/v2/model/annotation/Locatable;)Z|21
60442|6482|1025|getMethodAnnotation|11629|<A::Ljava/lang/annotation/Annotation;>(Ljava/lang/Class<TA;>;TMethodT;Lcom/sun/xml/bind/v2/model/annotation/Locatable;)TA;|21
60443|6482|1025|hasMethodAnnotation|11633|(Ljava/lang/Class<+Ljava/lang/annotation/Annotation;>;TMethodT;)Z|21
60444|6482|1025|getMethodParameterAnnotation|11635|<A::Ljava/lang/annotation/Annotation;>(Ljava/lang/Class<TA;>;TMethodT;ILcom/sun/xml/bind/v2/model/annotation/Locatable;)TA;|21
60445|6482|1025|getClassAnnotation|11629|<A::Ljava/lang/annotation/Annotation;>(Ljava/lang/Class<TA;>;TClassDeclT;Lcom/sun/xml/bind/v2/model/annotation/Locatable;)TA;|21
60446|6482|1025|getPackageAnnotation|11629|<A::Ljava/lang/annotation/Annotation;>(Ljava/lang/Class<TA;>;TClassDeclT;Lcom/sun/xml/bind/v2/model/annotation/Locatable;)TA;|21
60447|6482|1025|getClassValue|11636|(Ljava/lang/annotation/Annotation;Ljava/lang/String;)TTypeT;|21
60448|6483|1|<init>|11637|(Lcom/sun/xml/bind/v2/model/annotation/Locatable;TClassDeclT;Lcom/sun/xml/bind/v2/model/nav/Navigator<*TClassDeclT;**>;)V|21
60451|6484|1|<init>|11637|(Lcom/sun/xml/bind/v2/model/annotation/Locatable;TFieldT;Lcom/sun/xml/bind/v2/model/nav/Navigator<**TFieldT;*>;)V|21
60458|6487|9|create|11661|<A::Ljava/lang/annotation/Annotation;>(TA;Lcom/sun/xml/bind/v2/model/annotation/Locatable;)TA;|21
60467|6488|2|<init>|32|()V|21
60471|6489|1|<init>|11637|(Lcom/sun/xml/bind/v2/model/annotation/Locatable;TMethodT;Lcom/sun/xml/bind/v2/model/nav/Navigator<***TMethodT;>;)V|21
60481|6492|1|getFieldAnnotation|11668|<A::Ljava/lang/annotation/Annotation;>(Ljava/lang/Class<TA;>;Ljava/lang/String;Ljava/lang/reflect/Field;Lcom/sun/xml/bind/v2/model/annotation/Locatable;)TA;|21
60482|6492|1|hasFieldAnnotation|11670|(Ljava/lang/Class<+Ljava/lang/annotation/Annotation;>;Ljava/lang/reflect/Field;)Z|21
60483|6492|1|getMethodAnnotation|11671|<A::Ljava/lang/annotation/Annotation;>(Ljava/lang/Class<TA;>;Ljava/lang/reflect/Method;Lcom/sun/xml/bind/v2/model/annotation/Locatable;)TA;|21
60484|6492|1|hasMethodAnnotation|1386|(Ljava/lang/Class<+Ljava/lang/annotation/Annotation;>;Ljava/lang/reflect/Method;)Z|21
60485|6492|1|getMethodParameterAnnotation|11672|<A::Ljava/lang/annotation/Annotation;>(Ljava/lang/Class<TA;>;Ljava/lang/reflect/Method;ILcom/sun/xml/bind/v2/model/annotation/Locatable;)TA;|21
60486|6492|1|getClassAnnotation|11674|<A::Ljava/lang/annotation/Annotation;>(Ljava/lang/Class<TA;>;Ljava/lang/Class;Lcom/sun/xml/bind/v2/model/annotation/Locatable;)TA;|21
60487|6492|1|getPackageAnnotation|11674|<A::Ljava/lang/annotation/Annotation;>(Ljava/lang/Class<TA;>;Ljava/lang/Class;Lcom/sun/xml/bind/v2/model/annotation/Locatable;)TA;|21
